<?xml version="1.0" encoding="UTF-8"?>
<testsuite name="ru.stqa.pft.addressbook.tests.ContactDeletionTests" tests="1" skipped="0" failures="0" errors="0" timestamp="2019-12-05T15:05:23" hostname="WIN-MUA28SHJR55" time="10.407">
  <properties/>
  <testcase name="testContactDeletion" classname="ru.stqa.pft.addressbook.tests.ContactDeletionTests" time="10.407"/>
  <system-out><![CDATA[]]></system-out>
  <system-err><![CDATA[1575558317453	mozrunner::runner	INFO	Running command: "C:\\Program Files (x86)\\Mozilla Firefox\\firefox.exe" "-marionette" "-foreground" "-no-remote" "-profile" "C:\\Users\\1\\AppData\\Local\\Temp\\rust_mozprofileu20tM1"
1575558318724	addons.webextension.screenshots@mozilla.org	WARN	Loading extension 'screenshots@mozilla.org': Reading manifest: Invalid extension permission: mozillaAddons
1575558318732	addons.webextension.screenshots@mozilla.org	WARN	Loading extension 'screenshots@mozilla.org': Reading manifest: Invalid extension permission: telemetry
1575558318734	addons.webextension.screenshots@mozilla.org	WARN	Loading extension 'screenshots@mozilla.org': Reading manifest: Invalid extension permission: resource://pdf.js/
1575558318734	addons.webextension.screenshots@mozilla.org	WARN	Loading extension 'screenshots@mozilla.org': Reading manifest: Invalid extension permission: about:reader*
JavaScript error: resource://gre/modules/XULStore.jsm, line 66: Error: Can't find profile directory.
1575558321617	Marionette	INFO	Listening on port 57045
1575558321662	Marionette	WARN	TLS certificate errors will be ignored for this session
Dec 05, 2019 10:05:21 AM org.openqa.selenium.remote.ProtocolHandshake createSession
INFO: Detected dialect: W3C
1575558333859	Marionette	INFO	Stopped listening on port 57045
[Child 3240, Chrome_ChildThread] WARNING: pipe error: 109: file z:/task_1575281455/build/src/ipc/chromium/src/chrome/common/ipc_channel_win.cc, line 341
[Child 1976, Chrome_ChildThread] WARNING: pipe error: 109: file z:/task_1575281455/build/src/ipc/chromium/src/chrome/common/ipc_channel_win.cc, line 341
[Parent 2636, Gecko_IOThread] WARNING: pipe error: 109: file z:/task_1575281455/build/src/ipc/chromium/src/chrome/common/ipc_channel_win.cc, line 341
[Child 4732, Chrome_ChildThread] WARNING: pipe error: 109: file z:/task_1575281455/build/src/ipc/chromium/src/chrome/common/ipc_channel_win.cc, line 341
[Child 4732, Chrome_ChildThread] WARNING: pipe error: 109: file z:/task_1575281455/build/src/ipc/chromium/src/chrome/common/ipc_channel_win.cc, line 341
]]></system-err>
</testsuite>
