<?xml version="1.0" encoding="UTF-8"?>
<testsuite name="ru.stqa.pft.addressbook.tests.ContactEmailTests" tests="1" skipped="0" failures="0" errors="0" timestamp="2020-01-04T20:35:43" hostname="WIN-MUA28SHJR55" time="2.246">
  <properties/>
  <testcase name="testContactEmails" classname="ru.stqa.pft.addressbook.tests.ContactEmailTests" time="2.246"/>
  <system-out><![CDATA[]]></system-out>
  <system-err><![CDATA[]]></system-err>
</testsuite>
