<?xml version="1.0" encoding="UTF-8"?>
<testsuite name="ru.stqa.pft.addressbook.tests.ContactDeletionTests" tests="1" skipped="0" failures="0" errors="0" timestamp="2019-12-11T16:37:15" hostname="WIN-MUA28SHJR55" time="1.09">
  <properties/>
  <testcase name="testContactDeletion" classname="ru.stqa.pft.addressbook.tests.ContactDeletionTests" time="1.09"/>
  <system-out><![CDATA[]]></system-out>
  <system-err><![CDATA[1576082228306	mozrunner::runner	INFO	Running command: "C:\\Program Files (x86)\\Mozilla Firefox\\firefox.exe" "-marionette" "-foreground" "-no-remote" "-profile" "C:\\Users\\1\\AppData\\Local\\Temp\\rust_mozprofileeqR63k"
1576082229435	addons.webextension.screenshots@mozilla.org	WARN	Loading extension 'screenshots@mozilla.org': Reading manifest: Invalid extension permission: mozillaAddons
1576082229441	addons.webextension.screenshots@mozilla.org	WARN	Loading extension 'screenshots@mozilla.org': Reading manifest: Invalid extension permission: telemetry
1576082229442	addons.webextension.screenshots@mozilla.org	WARN	Loading extension 'screenshots@mozilla.org': Reading manifest: Invalid extension permission: resource://pdf.js/
1576082229443	addons.webextension.screenshots@mozilla.org	WARN	Loading extension 'screenshots@mozilla.org': Reading manifest: Invalid extension permission: about:reader*
JavaScript error: resource://gre/modules/XULStore.jsm, line 66: Error: Can't find profile directory.
1576082232898	Marionette	INFO	Listening on port 53631
1576082233008	Marionette	WARN	TLS certificate errors will be ignored for this session
Dec 11, 2019 11:37:13 AM org.openqa.selenium.remote.ProtocolHandshake createSession
INFO: Detected dialect: W3C
1576082236160	Marionette	INFO	Stopped listening on port 53631
[Child 2496, Chrome_ChildThread] WARNING: pipe error: 109: file z:/task_1575281455/build/src/ipc/chromium/src/chrome/common/ipc_channel_win.cc, line 341
[Child 2032, Chrome_ChildThread] WARNING: pipe error: 109: file z:/task_1575281455/build/src/ipc/chromium/src/chrome/common/ipc_channel_win.cc, line 341
[Child 2032, Chrome_ChildThread] WARNING: pipe error: 109: file z:/task_1575281455/build/src/ipc/chromium/src/chrome/common/ipc_channel_win.cc, line 341
[Child 5296, Chrome_ChildThread] WARNING: pipe error: 109: file z:/task_1575281455/build/src/ipc/chromium/src/chrome/common/ipc_channel_win.cc, line 341
]]></system-err>
</testsuite>
