<?xml version="1.0" encoding="UTF-8"?>
<testsuite name="ru.stqa.pft.addressbook.tests.ContactDeletionTests" tests="1" skipped="0" failures="0" errors="0" timestamp="2019-12-27T16:50:42" hostname="WIN-MUA28SHJR55" time="1.295">
  <properties/>
  <testcase name="testContactDeletion" classname="ru.stqa.pft.addressbook.tests.ContactDeletionTests" time="1.295"/>
  <system-out><![CDATA[]]></system-out>
  <system-err><![CDATA[]]></system-err>
</testsuite>
